2020-11-09 00:39:53.045  INFO 127 --- [XNIO-1 I/O-2] lavalink.server.io.SocketServer          : Connection closed from /127.0.0.1:46792 with status CloseStatus[code=1006, reason=] -- Session can be resumed within the next 60 seconds with key default-node
2020-11-09 00:39:53.116  INFO 127 --- [Thread-1] o.s.s.concurrent.ThreadPoolTaskExecutor  : Shutting down ExecutorService 'applicationTaskExecutor'
2020-11-09 00:39:53.124  INFO 127 --- [Thread-1] c.s.d.l.tools.GarbageCollectionMonitor   : GC monitoring disabled.
2020-11-09 00:39:53.150  INFO 127 --- [Thread-1] io.undertow.servlet                      : Destroying Spring FrameworkServlet 'dispatcherServlet'
2020-11-09 00:40:05.952  INFO 690 --- [main] lavalink.server.Launcher                 : 

[32m       .  [31m _                  _ _       _    [32m__ _ _
[32m      /\\ [31m| | __ ___   ____ _| (_)_ __ | | __[32m\ \ \ \
[32m     ( ( )[31m| |/ _` \ \ / / _` | | | '_ \| |/ /[32m \ \ \ \
[32m      \\/ [31m| | (_| |\ V / (_| | | | | | |   < [32m  ) ) ) )
[32m       '  [31m|_|\__,_| \_/ \__,_|_|_|_| |_|_|\_\[32m / / / /
[0m    =========================================[32m/_/_/_/[0m

	Version:        3.3.2.1
	Build:          1132
	Build time:     28.10.2020 21:44:36 UTC
	Branch          master
	Commit:         833f72e
	Commit time:    28.10.2020 21:39:31 UTC
	JVM:            11.0.8
	Lavaplayer      1.3.53

2020-11-09 00:40:06.926  INFO 690 --- [main] lavalink.server.Launcher                 : Starting Launcher on 2259672b90c8 with PID 690 (/home/runner/BADEV/Lavalink.jar started by runner in /home/runner/BADEV)
2020-11-09 00:40:06.933  INFO 690 --- [main] lavalink.server.Launcher                 : No active profile set, falling back to default profiles: default
2020-11-09 00:40:07.656  WARN 690 --- [background-preinit] o.s.h.c.j.Jackson2ObjectMapperBuilder    : For Jackson Kotlin classes support please add "com.fasterxml.jackson.module:jackson-module-kotlin" to the classpath
2020-11-09 00:40:16.540  WARN 690 --- [main] io.undertow.websockets.jsr               : UT026010: Buffer pool was not set on WebSocketDeploymentInfo, the default pool will be used
2020-11-09 00:40:16.723  INFO 690 --- [main] io.undertow.servlet                      : Initializing Spring embedded WebApplicationContext
2020-11-09 00:40:16.724  INFO 690 --- [main] o.s.web.context.ContextLoader            : Root WebApplicationContext: initialization completed in 9094 ms
2020-11-09 00:40:18.736  WARN 690 --- [main] l.server.config.SentryConfiguration      : Turning off sentry
2020-11-09 00:40:21.030  INFO 690 --- [main] c.s.d.l.tools.GarbageCollectionMonitor   : GC monitoring enabled, reporting results every 2 minutes.
2020-11-09 00:40:22.628  INFO 690 --- [main] lavalink.server.config.KoeConfiguration  : OS: Linux, Arch: amd64
2020-11-09 00:40:22.629  INFO 690 --- [main] lavalink.server.config.KoeConfiguration  : Enabling JDA-NAS
2020-11-09 00:40:22.635  INFO 690 --- [main] c.s.l.c.natives.NativeLibraryLoader      : Native library udpqueue: loading with filter null
2020-11-09 00:40:22.657  INFO 690 --- [main] c.s.l.c.natives.NativeLibraryLoader      : Native library udpqueue: successfully loaded.
2020-11-09 00:40:24.724  INFO 690 --- [main] o.s.s.concurrent.ThreadPoolTaskExecutor  : Initializing ExecutorService 'applicationTaskExecutor'
2020-11-09 00:40:27.224  INFO 690 --- [main] org.xnio                                 : XNIO version 3.3.8.Final
2020-11-09 00:40:27.320  INFO 690 --- [main] org.xnio.nio                             : XNIO NIO Implementation Version 3.3.8.Final
2020-11-09 00:40:27.739  INFO 690 --- [main] o.s.b.w.e.u.UndertowServletWebServer     : Undertow started on port(s) 7777 (http) with context path ''
2020-11-09 00:40:27.819  INFO 690 --- [main] lavalink.server.Launcher                 : Started Launcher in 27.382 seconds (JVM running for 31.264)
2020-11-09 00:40:27.825  INFO 690 --- [main] lavalink.server.Launcher                 : You can safely ignore the big red warning about illegal reflection. See https://github.com/Frederikam/Lavalink/issues/295
2020-11-09 00:40:39.934  INFO 690 --- [XNIO-1 task-1] io.undertow.servlet                      : Initializing Spring DispatcherServlet 'dispatcherServlet'
2020-11-09 00:40:39.938  INFO 690 --- [XNIO-1 task-1] o.s.web.servlet.DispatcherServlet        : Initializing Servlet 'dispatcherServlet'
2020-11-09 00:40:40.032  INFO 690 --- [XNIO-1 task-1] o.s.web.servlet.DispatcherServlet        : Completed initialization in 93 ms
2020-11-09 00:40:40.329  INFO 690 --- [XNIO-1 task-1] l.server.io.HandshakeInterceptorImpl     : Incoming connection from /127.0.0.1:60926
2020-11-09 00:40:40.735  INFO 690 --- [XNIO-1 task-1] lavalink.server.io.SocketServer          : Connection successfully established from /127.0.0.1:60926
2020-11-09 00:40:41.067  INFO 690 --- [XNIO-1 I/O-2] lavalink.server.io.SocketServer          : {"op": "configureResuming", "key": "default-node", "timeout": 60}
2020-11-09 00:42:21.031  WARN 690 --- [lava-daemon-pool-manager-3-thread-1] c.s.d.l.tools.GarbageCollectionMonitor   : Suspicious GC results for the last 2 minutes: [Bucket 0 = 10] [Bucket 20 = 0] [Bucket 50 = 2] [Bucket 200 = 1] [Bucket 500 = 0] [Bucket 2000 = 0] 
2020-11-09 00:42:26.541  INFO 690 --- [XNIO-1 I/O-2] lavalink.server.io.SocketServer          : Connection closed from /127.0.0.1:60926 with status CloseStatus[code=1006, reason=] -- Session can be resumed within the next 60 seconds with key default-node
2020-11-09 00:42:26.596  INFO 690 --- [Thread-1] o.s.s.concurrent.ThreadPoolTaskExecutor  : Shutting down ExecutorService 'applicationTaskExecutor'
2020-11-09 00:42:26.609  INFO 690 --- [Thread-1] c.s.d.l.tools.GarbageCollectionMonitor   : GC monitoring disabled.
2020-11-09 00:42:26.626  INFO 690 --- [Thread-1] io.undertow.servlet                      : Destroying Spring FrameworkServlet 'dispatcherServlet'
2020-11-09 00:42:37.727  INFO 767 --- [main] lavalink.server.Launcher                 : 

[32m       .  [31m _                  _ _       _    [32m__ _ _
[32m      /\\ [31m| | __ ___   ____ _| (_)_ __ | | __[32m\ \ \ \
[32m     ( ( )[31m| |/ _` \ \ / / _` | | | '_ \| |/ /[32m \ \ \ \
[32m      \\/ [31m| | (_| |\ V / (_| | | | | | |   < [32m  ) ) ) )
[32m       '  [31m|_|\__,_| \_/ \__,_|_|_|_| |_|_|\_\[32m / / / /
[0m    =========================================[32m/_/_/_/[0m

	Version:        3.3.2.1
	Build:          1132
	Build time:     28.10.2020 21:44:36 UTC
	Branch          master
	Commit:         833f72e
	Commit time:    28.10.2020 21:39:31 UTC
	JVM:            11.0.8
	Lavaplayer      1.3.53

2020-11-09 00:42:38.727  INFO 767 --- [main] lavalink.server.Launcher                 : Starting Launcher on 2259672b90c8 with PID 767 (/home/runner/BADEV/Lavalink.jar started by runner in /home/runner/BADEV)
2020-11-09 00:42:38.729  INFO 767 --- [main] lavalink.server.Launcher                 : No active profile set, falling back to default profiles: default
2020-11-09 00:42:39.917  WARN 767 --- [background-preinit] o.s.h.c.j.Jackson2ObjectMapperBuilder    : For Jackson Kotlin classes support please add "com.fasterxml.jackson.module:jackson-module-kotlin" to the classpath
2020-11-09 00:42:48.828  WARN 767 --- [main] io.undertow.websockets.jsr               : UT026010: Buffer pool was not set on WebSocketDeploymentInfo, the default pool will be used
2020-11-09 00:42:49.013  INFO 767 --- [main] io.undertow.servlet                      : Initializing Spring embedded WebApplicationContext
2020-11-09 00:42:49.013  INFO 767 --- [main] o.s.web.context.ContextLoader            : Root WebApplicationContext: initialization completed in 9674 ms
2020-11-09 00:42:52.077  WARN 767 --- [main] l.server.config.SentryConfiguration      : Turning off sentry
2020-11-09 00:42:55.233  INFO 767 --- [main] c.s.d.l.tools.GarbageCollectionMonitor   : GC monitoring enabled, reporting results every 2 minutes.
2020-11-09 00:42:56.892  INFO 767 --- [main] lavalink.server.config.KoeConfiguration  : OS: Linux, Arch: amd64
2020-11-09 00:42:56.899  INFO 767 --- [main] lavalink.server.config.KoeConfiguration  : Enabling JDA-NAS
2020-11-09 00:42:56.927  INFO 767 --- [main] c.s.l.c.natives.NativeLibraryLoader      : Native library udpqueue: loading with filter null
2020-11-09 00:42:56.935  INFO 767 --- [main] c.s.l.c.natives.NativeLibraryLoader      : Native library udpqueue: successfully loaded.
2020-11-09 00:42:59.229  INFO 767 --- [main] o.s.s.concurrent.ThreadPoolTaskExecutor  : Initializing ExecutorService 'applicationTaskExecutor'
2020-11-09 00:43:01.349  INFO 767 --- [main] org.xnio                                 : XNIO version 3.3.8.Final
2020-11-09 00:43:01.413  INFO 767 --- [main] org.xnio.nio                             : XNIO NIO Implementation Version 3.3.8.Final
2020-11-09 00:43:01.769  INFO 767 --- [main] o.s.b.w.e.u.UndertowServletWebServer     : Undertow started on port(s) 7777 (http) with context path ''
2020-11-09 00:43:01.786  INFO 767 --- [main] lavalink.server.Launcher                 : Started Launcher in 29.446 seconds (JVM running for 32.74)
2020-11-09 00:43:01.819  INFO 767 --- [main] lavalink.server.Launcher                 : You can safely ignore the big red warning about illegal reflection. See https://github.com/Frederikam/Lavalink/issues/295
2020-11-09 00:43:12.422  INFO 767 --- [XNIO-1 task-1] io.undertow.servlet                      : Initializing Spring DispatcherServlet 'dispatcherServlet'
2020-11-09 00:43:12.423  INFO 767 --- [XNIO-1 task-1] o.s.web.servlet.DispatcherServlet        : Initializing Servlet 'dispatcherServlet'
2020-11-09 00:43:12.528  INFO 767 --- [XNIO-1 task-1] o.s.web.servlet.DispatcherServlet        : Completed initialization in 103 ms
2020-11-09 00:43:12.738  INFO 767 --- [XNIO-1 task-1] l.server.io.HandshakeInterceptorImpl     : Incoming connection from /127.0.0.1:35714
2020-11-09 00:43:13.129  INFO 767 --- [XNIO-1 task-1] lavalink.server.io.SocketServer          : Connection successfully established from /127.0.0.1:35714
2020-11-09 00:43:13.425  INFO 767 --- [XNIO-1 I/O-2] lavalink.server.io.SocketServer          : {"op": "configureResuming", "key": "default-node", "timeout": 60}
2020-11-09 00:44:07.328  INFO 767 --- [XNIO-1 I/O-2] lavalink.server.io.SocketServer          : Connection closed from /127.0.0.1:35714 with status CloseStatus[code=1006, reason=] -- Session can be resumed within the next 60 seconds with key default-node
2020-11-09 00:44:07.327  INFO 767 --- [Thread-1] o.s.s.concurrent.ThreadPoolTaskExecutor  : Shutting down ExecutorService 'applicationTaskExecutor'
2020-11-09 00:44:07.339  INFO 767 --- [Thread-1] c.s.d.l.tools.GarbageCollectionMonitor   : GC monitoring disabled.
2020-11-09 00:44:07.345  INFO 767 --- [Thread-1] io.undertow.servlet                      : Destroying Spring FrameworkServlet 'dispatcherServlet'
2020-11-09 00:44:18.818  INFO 844 --- [main] lavalink.server.Launcher                 : 

[32m       .  [31m _                  _ _       _    [32m__ _ _
[32m      /\\ [31m| | __ ___   ____ _| (_)_ __ | | __[32m\ \ \ \
[32m     ( ( )[31m| |/ _` \ \ / / _` | | | '_ \| |/ /[32m \ \ \ \
[32m      \\/ [31m| | (_| |\ V / (_| | | | | | |   < [32m  ) ) ) )
[32m       '  [31m|_|\__,_| \_/ \__,_|_|_|_| |_|_|\_\[32m / / / /
[0m    =========================================[32m/_/_/_/[0m

	Version:        3.3.2.1
	Build:          1132
	Build time:     28.10.2020 21:44:36 UTC
	Branch          master
	Commit:         833f72e
	Commit time:    28.10.2020 21:39:31 UTC
	JVM:            11.0.8
	Lavaplayer      1.3.53

2020-11-09 00:44:19.913  INFO 844 --- [main] lavalink.server.Launcher                 : Starting Launcher on 2259672b90c8 with PID 844 (/home/runner/BADEV/Lavalink.jar started by runner in /home/runner/BADEV)
2020-11-09 00:44:19.915  INFO 844 --- [main] lavalink.server.Launcher                 : No active profile set, falling back to default profiles: default
2020-11-09 00:44:21.439  WARN 844 --- [background-preinit] o.s.h.c.j.Jackson2ObjectMapperBuilder    : For Jackson Kotlin classes support please add "com.fasterxml.jackson.module:jackson-module-kotlin" to the classpath
2020-11-09 00:44:30.400  WARN 844 --- [main] io.undertow.websockets.jsr               : UT026010: Buffer pool was not set on WebSocketDeploymentInfo, the default pool will be used
2020-11-09 00:44:30.550  INFO 844 --- [main] io.undertow.servlet                      : Initializing Spring embedded WebApplicationContext
2020-11-09 00:44:30.551  INFO 844 --- [main] o.s.web.context.ContextLoader            : Root WebApplicationContext: initialization completed in 10223 ms
2020-11-09 00:44:32.633  WARN 844 --- [main] l.server.config.SentryConfiguration      : Turning off sentry
2020-11-09 00:44:34.732  INFO 844 --- [main] c.s.d.l.tools.GarbageCollectionMonitor   : GC monitoring enabled, reporting results every 2 minutes.
2020-11-09 00:44:36.328  INFO 844 --- [main] lavalink.server.config.KoeConfiguration  : OS: Linux, Arch: amd64
2020-11-09 00:44:36.328  INFO 844 --- [main] lavalink.server.config.KoeConfiguration  : Enabling JDA-NAS
2020-11-09 00:44:36.415  INFO 844 --- [main] c.s.l.c.natives.NativeLibraryLoader      : Native library udpqueue: loading with filter null
2020-11-09 00:44:36.421  INFO 844 --- [main] c.s.l.c.natives.NativeLibraryLoader      : Native library udpqueue: successfully loaded.
2020-11-09 00:44:38.769  INFO 844 --- [main] o.s.s.concurrent.ThreadPoolTaskExecutor  : Initializing ExecutorService 'applicationTaskExecutor'
2020-11-09 00:44:41.562  INFO 844 --- [main] org.xnio                                 : XNIO version 3.3.8.Final
2020-11-09 00:44:41.643  INFO 844 --- [main] org.xnio.nio                             : XNIO NIO Implementation Version 3.3.8.Final
2020-11-09 00:44:42.052  INFO 844 --- [main] o.s.b.w.e.u.UndertowServletWebServer     : Undertow started on port(s) 7777 (http) with context path ''
2020-11-09 00:44:42.123  INFO 844 --- [main] lavalink.server.Launcher                 : Started Launcher in 29.198 seconds (JVM running for 32.704)
2020-11-09 00:44:42.130  INFO 844 --- [main] lavalink.server.Launcher                 : You can safely ignore the big red warning about illegal reflection. See https://github.com/Frederikam/Lavalink/issues/295
2020-11-09 00:44:52.835  INFO 844 --- [XNIO-1 task-1] io.undertow.servlet                      : Initializing Spring DispatcherServlet 'dispatcherServlet'
2020-11-09 00:44:52.839  INFO 844 --- [XNIO-1 task-1] o.s.web.servlet.DispatcherServlet        : Initializing Servlet 'dispatcherServlet'
2020-11-09 00:44:52.914  INFO 844 --- [XNIO-1 task-1] o.s.web.servlet.DispatcherServlet        : Completed initialization in 74 ms
2020-11-09 00:44:53.202  INFO 844 --- [XNIO-1 task-1] l.server.io.HandshakeInterceptorImpl     : Incoming connection from /127.0.0.1:37684
2020-11-09 00:44:53.727  INFO 844 --- [XNIO-1 task-1] lavalink.server.io.SocketServer          : Connection successfully established from /127.0.0.1:37684
2020-11-09 00:44:53.922  INFO 844 --- [XNIO-1 I/O-2] lavalink.server.io.SocketServer          : {"op": "configureResuming", "key": "default-node", "timeout": 60}
2020-11-09 01:17:54.181  INFO 844 --- [XNIO-1 I/O-2] lavalink.server.io.SocketServer          : Connection closed from /127.0.0.1:37684 with status CloseStatus[code=1006, reason=] -- Session can be resumed within the next 60 seconds with key default-node
2020-11-09 01:17:54.209  INFO 844 --- [Thread-1] o.s.s.concurrent.ThreadPoolTaskExecutor  : Shutting down ExecutorService 'applicationTaskExecutor'
2020-11-09 01:17:54.214  INFO 844 --- [Thread-1] c.s.d.l.tools.GarbageCollectionMonitor   : GC monitoring disabled.
2020-11-09 01:17:54.235  INFO 844 --- [Thread-1] io.undertow.servlet                      : Destroying Spring FrameworkServlet 'dispatcherServlet'
2020-11-09 01:18:08.418  INFO 1133 --- [main] lavalink.server.Launcher                 : 

[32m       .  [31m _                  _ _       _    [32m__ _ _
[32m      /\\ [31m| | __ ___   ____ _| (_)_ __ | | __[32m\ \ \ \
[32m     ( ( )[31m| |/ _` \ \ / / _` | | | '_ \| |/ /[32m \ \ \ \
[32m      \\/ [31m| | (_| |\ V / (_| | | | | | |   < [32m  ) ) ) )
[32m       '  [31m|_|\__,_| \_/ \__,_|_|_|_| |_|_|\_\[32m / / / /
[0m    =========================================[32m/_/_/_/[0m

	Version:        3.3.2.1
	Build:          1132
	Build time:     28.10.2020 21:44:36 UTC
	Branch          master
	Commit:         833f72e
	Commit time:    28.10.2020 21:39:31 UTC
	JVM:            11.0.8
	Lavaplayer      1.3.53

2020-11-09 01:18:09.726  INFO 1133 --- [main] lavalink.server.Launcher                 : Starting Launcher on 2259672b90c8 with PID 1133 (/home/runner/BADEV/Lavalink.jar started by runner in /home/runner/BADEV)
2020-11-09 01:18:09.733  INFO 1133 --- [main] lavalink.server.Launcher                 : No active profile set, falling back to default profiles: default
2020-11-09 01:18:10.827  WARN 1133 --- [background-preinit] o.s.h.c.j.Jackson2ObjectMapperBuilder    : For Jackson Kotlin classes support please add "com.fasterxml.jackson.module:jackson-module-kotlin" to the classpath
2020-11-09 01:18:19.436  WARN 1133 --- [main] io.undertow.websockets.jsr               : UT026010: Buffer pool was not set on WebSocketDeploymentInfo, the default pool will be used
2020-11-09 01:18:19.639  INFO 1133 --- [main] io.undertow.servlet                      : Initializing Spring embedded WebApplicationContext
2020-11-09 01:18:19.640  INFO 1133 --- [main] o.s.web.context.ContextLoader            : Root WebApplicationContext: initialization completed in 9313 ms
2020-11-09 01:18:22.145  WARN 1133 --- [main] l.server.config.SentryConfiguration      : Turning off sentry
2020-11-09 01:18:24.842  INFO 1133 --- [main] c.s.d.l.tools.GarbageCollectionMonitor   : GC monitoring enabled, reporting results every 2 minutes.
2020-11-09 01:18:26.716  INFO 1133 --- [main] lavalink.server.config.KoeConfiguration  : OS: Linux, Arch: amd64
2020-11-09 01:18:26.717  INFO 1133 --- [main] lavalink.server.config.KoeConfiguration  : Enabling JDA-NAS
2020-11-09 01:18:26.727  INFO 1133 --- [main] c.s.l.c.natives.NativeLibraryLoader      : Native library udpqueue: loading with filter null
2020-11-09 01:18:26.837  INFO 1133 --- [main] c.s.l.c.natives.NativeLibraryLoader      : Native library udpqueue: successfully loaded.
2020-11-09 01:18:29.235  INFO 1133 --- [main] o.s.s.concurrent.ThreadPoolTaskExecutor  : Initializing ExecutorService 'applicationTaskExecutor'
2020-11-09 01:18:31.526  INFO 1133 --- [main] org.xnio                                 : XNIO version 3.3.8.Final
2020-11-09 01:18:31.627  INFO 1133 --- [main] org.xnio.nio                             : XNIO NIO Implementation Version 3.3.8.Final
2020-11-09 01:18:32.057  INFO 1133 --- [main] o.s.b.w.e.u.UndertowServletWebServer     : Undertow started on port(s) 7777 (http) with context path ''
2020-11-09 01:18:32.114  INFO 1133 --- [main] lavalink.server.Launcher                 : Started Launcher in 29.768 seconds (JVM running for 34.066)
2020-11-09 01:18:32.117  INFO 1133 --- [main] lavalink.server.Launcher                 : You can safely ignore the big red warning about illegal reflection. See https://github.com/Frederikam/Lavalink/issues/295
2020-11-09 01:18:41.527  INFO 1133 --- [XNIO-1 task-1] io.undertow.servlet                      : Initializing Spring DispatcherServlet 'dispatcherServlet'
2020-11-09 01:18:41.528  INFO 1133 --- [XNIO-1 task-1] o.s.web.servlet.DispatcherServlet        : Initializing Servlet 'dispatcherServlet'
2020-11-09 01:18:41.627  INFO 1133 --- [XNIO-1 task-1] o.s.web.servlet.DispatcherServlet        : Completed initialization in 98 ms
2020-11-09 01:18:41.830  INFO 1133 --- [XNIO-1 task-1] l.server.io.HandshakeInterceptorImpl     : Incoming connection from /127.0.0.1:49080
2020-11-09 01:18:42.318  INFO 1133 --- [XNIO-1 task-1] lavalink.server.io.SocketServer          : Connection successfully established from /127.0.0.1:49080
2020-11-09 01:18:42.516  INFO 1133 --- [XNIO-1 I/O-2] lavalink.server.io.SocketServer          : {"op": "configureResuming", "key": "default-node", "timeout": 60}
2020-11-09 01:20:24.843  WARN 1133 --- [lava-daemon-pool-manager-3-thread-1] c.s.d.l.tools.GarbageCollectionMonitor   : Suspicious GC results for the last 2 minutes: [Bucket 0 = 10] [Bucket 20 = 0] [Bucket 50 = 2] [Bucket 200 = 1] [Bucket 500 = 0] [Bucket 2000 = 0] 
2020-11-09 04:16:06.744  INFO 1133 --- [XNIO-1 I/O-2] lavalink.server.io.SocketServer          : Connection closed from /127.0.0.1:49080 with status CloseStatus[code=1006, reason=] -- Session can be resumed within the next 60 seconds with key default-node
2020-11-09 04:16:06.773  INFO 1133 --- [Thread-1] o.s.s.concurrent.ThreadPoolTaskExecutor  : Shutting down ExecutorService 'applicationTaskExecutor'
2020-11-09 04:16:06.775  INFO 1133 --- [Thread-1] c.s.d.l.tools.GarbageCollectionMonitor   : GC monitoring disabled.
2020-11-09 04:16:06.821  INFO 1133 --- [Thread-1] io.undertow.servlet                      : Destroying Spring FrameworkServlet 'dispatcherServlet'
2020-11-09 04:16:19.228  INFO 3753 --- [main] lavalink.server.Launcher                 : 

[32m       .  [31m _                  _ _       _    [32m__ _ _
[32m      /\\ [31m| | __ ___   ____ _| (_)_ __ | | __[32m\ \ \ \
[32m     ( ( )[31m| |/ _` \ \ / / _` | | | '_ \| |/ /[32m \ \ \ \
[32m      \\/ [31m| | (_| |\ V / (_| | | | | | |   < [32m  ) ) ) )
[32m       '  [31m|_|\__,_| \_/ \__,_|_|_|_| |_|_|\_\[32m / / / /
[0m    =========================================[32m/_/_/_/[0m

	Version:        3.3.2.1
	Build:          1132
	Build time:     28.10.2020 21:44:36 UTC
	Branch          master
	Commit:         833f72e
	Commit time:    28.10.2020 21:39:31 UTC
	JVM:            11.0.8
	Lavaplayer      1.3.53

2020-11-09 04:16:20.130  INFO 3753 --- [main] lavalink.server.Launcher                 : Starting Launcher on 2259672b90c8 with PID 3753 (/home/runner/BADEV/Lavalink.jar started by runner in /home/runner/BADEV)
2020-11-09 04:16:20.133  INFO 3753 --- [main] lavalink.server.Launcher                 : No active profile set, falling back to default profiles: default
2020-11-09 04:16:21.325  WARN 3753 --- [background-preinit] o.s.h.c.j.Jackson2ObjectMapperBuilder    : For Jackson Kotlin classes support please add "com.fasterxml.jackson.module:jackson-module-kotlin" to the classpath
2020-11-09 04:16:30.222  WARN 3753 --- [main] io.undertow.websockets.jsr               : UT026010: Buffer pool was not set on WebSocketDeploymentInfo, the default pool will be used
2020-11-09 04:16:30.332  INFO 3753 --- [main] io.undertow.servlet                      : Initializing Spring embedded WebApplicationContext
2020-11-09 04:16:30.332  INFO 3753 --- [main] o.s.web.context.ContextLoader            : Root WebApplicationContext: initialization completed in 9704 ms
2020-11-09 04:16:32.724  WARN 3753 --- [main] l.server.config.SentryConfiguration      : Turning off sentry
2020-11-09 04:16:35.225  INFO 3753 --- [main] c.s.d.l.tools.GarbageCollectionMonitor   : GC monitoring enabled, reporting results every 2 minutes.
2020-11-09 04:16:36.539  INFO 3753 --- [main] lavalink.server.config.KoeConfiguration  : OS: Linux, Arch: amd64
2020-11-09 04:16:36.542  INFO 3753 --- [main] lavalink.server.config.KoeConfiguration  : Enabling JDA-NAS
2020-11-09 04:16:36.550  INFO 3753 --- [main] c.s.l.c.natives.NativeLibraryLoader      : Native library udpqueue: loading with filter null
2020-11-09 04:16:36.563  INFO 3753 --- [main] c.s.l.c.natives.NativeLibraryLoader      : Native library udpqueue: successfully loaded.
2020-11-09 04:16:38.722  INFO 3753 --- [main] o.s.s.concurrent.ThreadPoolTaskExecutor  : Initializing ExecutorService 'applicationTaskExecutor'
2020-11-09 04:16:41.241  INFO 3753 --- [main] org.xnio                                 : XNIO version 3.3.8.Final
2020-11-09 04:16:41.343  INFO 3753 --- [main] org.xnio.nio                             : XNIO NIO Implementation Version 3.3.8.Final
2020-11-09 04:16:41.916  INFO 3753 --- [main] o.s.b.w.e.u.UndertowServletWebServer     : Undertow started on port(s) 7777 (http) with context path ''
2020-11-09 04:16:41.927  INFO 3753 --- [main] lavalink.server.Launcher                 : Started Launcher in 28.172 seconds (JVM running for 32.154)
2020-11-09 04:16:41.931  INFO 3753 --- [main] lavalink.server.Launcher                 : You can safely ignore the big red warning about illegal reflection. See https://github.com/Frederikam/Lavalink/issues/295
2020-11-09 04:16:53.214  INFO 3753 --- [XNIO-1 task-1] io.undertow.servlet                      : Initializing Spring DispatcherServlet 'dispatcherServlet'
2020-11-09 04:16:53.216  INFO 3753 --- [XNIO-1 task-1] o.s.web.servlet.DispatcherServlet        : Initializing Servlet 'dispatcherServlet'
2020-11-09 04:16:53.236  INFO 3753 --- [XNIO-1 task-1] o.s.web.servlet.DispatcherServlet        : Completed initialization in 19 ms
2020-11-09 04:16:53.353  INFO 3753 --- [XNIO-1 task-1] l.server.io.HandshakeInterceptorImpl     : Incoming connection from /127.0.0.1:39678
2020-11-09 04:16:53.939  INFO 3753 --- [XNIO-1 task-1] lavalink.server.io.SocketServer          : Connection successfully established from /127.0.0.1:39678
2020-11-09 04:16:54.236  INFO 3753 --- [XNIO-1 I/O-2] lavalink.server.io.SocketServer          : {"op": "configureResuming", "key": "default-node", "timeout": 60}
2020-11-09 04:18:35.226  WARN 3753 --- [lava-daemon-pool-manager-3-thread-1] c.s.d.l.tools.GarbageCollectionMonitor   : Suspicious GC results for the last 2 minutes: [Bucket 0 = 10] [Bucket 20 = 0] [Bucket 50 = 3] [Bucket 200 = 0] [Bucket 500 = 0] [Bucket 2000 = 0] 
2020-11-09 04:18:55.117  INFO 3753 --- [Thread-1] o.s.s.concurrent.ThreadPoolTaskExecutor  : Shutting down ExecutorService 'applicationTaskExecutor'
2020-11-09 04:18:55.136  INFO 3753 --- [XNIO-1 I/O-2] lavalink.server.io.SocketServer          : Connection closed from /127.0.0.1:39678 with status CloseStatus[code=1006, reason=] -- Session can be resumed within the next 60 seconds with key default-node
2020-11-09 04:18:55.122  INFO 3753 --- [Thread-1] c.s.d.l.tools.GarbageCollectionMonitor   : GC monitoring disabled.
2020-11-09 04:18:55.165  INFO 3753 --- [Thread-1] io.undertow.servlet                      : Destroying Spring FrameworkServlet 'dispatcherServlet'
2020-11-09 04:19:07.321  INFO 3852 --- [main] lavalink.server.Launcher                 : 

[32m       .  [31m _                  _ _       _    [32m__ _ _
[32m      /\\ [31m| | __ ___   ____ _| (_)_ __ | | __[32m\ \ \ \
[32m     ( ( )[31m| |/ _` \ \ / / _` | | | '_ \| |/ /[32m \ \ \ \
[32m      \\/ [31m| | (_| |\ V / (_| | | | | | |   < [32m  ) ) ) )
[32m       '  [31m|_|\__,_| \_/ \__,_|_|_|_| |_|_|\_\[32m / / / /
[0m    =========================================[32m/_/_/_/[0m

	Version:        3.3.2.1
	Build:          1132
	Build time:     28.10.2020 21:44:36 UTC
	Branch          master
	Commit:         833f72e
	Commit time:    28.10.2020 21:39:31 UTC
	JVM:            11.0.8
	Lavaplayer      1.3.53

2020-11-09 04:19:08.233  INFO 3852 --- [main] lavalink.server.Launcher                 : Starting Launcher on 2259672b90c8 with PID 3852 (/home/runner/BADEV/Lavalink.jar started by runner in /home/runner/BADEV)
2020-11-09 04:19:08.314  INFO 3852 --- [main] lavalink.server.Launcher                 : No active profile set, falling back to default profiles: default
2020-11-09 04:19:10.337  WARN 3852 --- [background-preinit] o.s.h.c.j.Jackson2ObjectMapperBuilder    : For Jackson Kotlin classes support please add "com.fasterxml.jackson.module:jackson-module-kotlin" to the classpath
2020-11-09 04:19:18.142  WARN 3852 --- [main] io.undertow.websockets.jsr               : UT026010: Buffer pool was not set on WebSocketDeploymentInfo, the default pool will be used
2020-11-09 04:19:18.417  INFO 3852 --- [main] io.undertow.servlet                      : Initializing Spring embedded WebApplicationContext
2020-11-09 04:19:18.418  INFO 3852 --- [main] o.s.web.context.ContextLoader            : Root WebApplicationContext: initialization completed in 9682 ms
2020-11-09 04:19:20.732  WARN 3852 --- [main] l.server.config.SentryConfiguration      : Turning off sentry
2020-11-09 04:19:23.128  INFO 3852 --- [main] c.s.d.l.tools.GarbageCollectionMonitor   : GC monitoring enabled, reporting results every 2 minutes.
2020-11-09 04:19:24.524  INFO 3852 --- [main] lavalink.server.config.KoeConfiguration  : OS: Linux, Arch: amd64
2020-11-09 04:19:24.525  INFO 3852 --- [main] lavalink.server.config.KoeConfiguration  : Enabling JDA-NAS
2020-11-09 04:19:24.534  INFO 3852 --- [main] c.s.l.c.natives.NativeLibraryLoader      : Native library udpqueue: loading with filter null
2020-11-09 04:19:24.615  INFO 3852 --- [main] c.s.l.c.natives.NativeLibraryLoader      : Native library udpqueue: successfully loaded.
2020-11-09 04:19:26.941  INFO 3852 --- [main] o.s.s.concurrent.ThreadPoolTaskExecutor  : Initializing ExecutorService 'applicationTaskExecutor'
2020-11-09 04:19:29.416  INFO 3852 --- [main] org.xnio                                 : XNIO version 3.3.8.Final
2020-11-09 04:19:29.516  INFO 3852 --- [main] org.xnio.nio                             : XNIO NIO Implementation Version 3.3.8.Final
2020-11-09 04:19:29.848  INFO 3852 --- [main] o.s.b.w.e.u.UndertowServletWebServer     : Undertow started on port(s) 7777 (http) with context path ''
2020-11-09 04:19:30.014  INFO 3852 --- [main] lavalink.server.Launcher                 : Started Launcher in 27.875 seconds (JVM running for 31.942)
2020-11-09 04:19:30.017  INFO 3852 --- [main] lavalink.server.Launcher                 : You can safely ignore the big red warning about illegal reflection. See https://github.com/Frederikam/Lavalink/issues/295
2020-11-09 04:19:41.162  INFO 3852 --- [XNIO-1 task-1] io.undertow.servlet                      : Initializing Spring DispatcherServlet 'dispatcherServlet'
2020-11-09 04:19:41.164  INFO 3852 --- [XNIO-1 task-1] o.s.web.servlet.DispatcherServlet        : Initializing Servlet 'dispatcherServlet'
2020-11-09 04:19:41.234  INFO 3852 --- [XNIO-1 task-1] o.s.web.servlet.DispatcherServlet        : Completed initialization in 68 ms
2020-11-09 04:19:41.422  INFO 3852 --- [XNIO-1 task-1] l.server.io.HandshakeInterceptorImpl     : Incoming connection from /127.0.0.1:43160
2020-11-09 04:19:41.714  INFO 3852 --- [XNIO-1 task-1] lavalink.server.io.SocketServer          : Connection successfully established from /127.0.0.1:43160
2020-11-09 04:19:41.919  INFO 3852 --- [XNIO-1 I/O-2] lavalink.server.io.SocketServer          : {"op": "configureResuming", "key": "default-node", "timeout": 60}
2020-11-09 04:21:23.129  WARN 3852 --- [lava-daemon-pool-manager-3-thread-1] c.s.d.l.tools.GarbageCollectionMonitor   : Suspicious GC results for the last 2 minutes: [Bucket 0 = 10] [Bucket 20 = 1] [Bucket 50 = 2] [Bucket 200 = 0] [Bucket 500 = 0] [Bucket 2000 = 0] 
2020-11-09 04:37:23.340  INFO 3852 --- [XNIO-1 I/O-2] lavalink.server.io.SocketServer          : Connection closed from /127.0.0.1:43160 with status CloseStatus[code=1006, reason=] -- Session can be resumed within the next 60 seconds with key default-node
2020-11-09 04:37:23.347  INFO 3852 --- [Thread-1] o.s.s.concurrent.ThreadPoolTaskExecutor  : Shutting down ExecutorService 'applicationTaskExecutor'
2020-11-09 04:37:23.359  INFO 3852 --- [Thread-1] c.s.d.l.tools.GarbageCollectionMonitor   : GC monitoring disabled.
2020-11-09 04:37:23.372  INFO 3852 --- [Thread-1] io.undertow.servlet                      : Destroying Spring FrameworkServlet 'dispatcherServlet'
2020-11-09 04:37:36.917  INFO 4123 --- [main] lavalink.server.Launcher                 : 

[32m       .  [31m _                  _ _       _    [32m__ _ _
[32m      /\\ [31m| | __ ___   ____ _| (_)_ __ | | __[32m\ \ \ \
[32m     ( ( )[31m| |/ _` \ \ / / _` | | | '_ \| |/ /[32m \ \ \ \
[32m      \\/ [31m| | (_| |\ V / (_| | | | | | |   < [32m  ) ) ) )
[32m       '  [31m|_|\__,_| \_/ \__,_|_|_|_| |_|_|\_\[32m / / / /
[0m    =========================================[32m/_/_/_/[0m

	Version:        3.3.2.1
	Build:          1132
	Build time:     28.10.2020 21:44:36 UTC
	Branch          master
	Commit:         833f72e
	Commit time:    28.10.2020 21:39:31 UTC
	JVM:            11.0.8
	Lavaplayer      1.3.53

2020-11-09 04:37:38.215  INFO 4123 --- [main] lavalink.server.Launcher                 : Starting Launcher on 2259672b90c8 with PID 4123 (/home/runner/BADEV/Lavalink.jar started by runner in /home/runner/BADEV)
2020-11-09 04:37:38.219  INFO 4123 --- [main] lavalink.server.Launcher                 : No active profile set, falling back to default profiles: default
2020-11-09 04:37:39.341  WARN 4123 --- [background-preinit] o.s.h.c.j.Jackson2ObjectMapperBuilder    : For Jackson Kotlin classes support please add "com.fasterxml.jackson.module:jackson-module-kotlin" to the classpath
2020-11-09 04:37:48.517  WARN 4123 --- [main] io.undertow.websockets.jsr               : UT026010: Buffer pool was not set on WebSocketDeploymentInfo, the default pool will be used
2020-11-09 04:37:48.627  INFO 4123 --- [main] io.undertow.servlet                      : Initializing Spring embedded WebApplicationContext
2020-11-09 04:37:48.628  INFO 4123 --- [main] o.s.web.context.ContextLoader            : Root WebApplicationContext: initialization completed in 9795 ms
2020-11-09 04:37:51.132  WARN 4123 --- [main] l.server.config.SentryConfiguration      : Turning off sentry
2020-11-09 04:37:53.533  INFO 4123 --- [main] c.s.d.l.tools.GarbageCollectionMonitor   : GC monitoring enabled, reporting results every 2 minutes.
2020-11-09 04:37:55.119  INFO 4123 --- [main] lavalink.server.config.KoeConfiguration  : OS: Linux, Arch: amd64
2020-11-09 04:37:55.120  INFO 4123 --- [main] lavalink.server.config.KoeConfiguration  : Enabling JDA-NAS
2020-11-09 04:37:55.146  INFO 4123 --- [main] c.s.l.c.natives.NativeLibraryLoader      : Native library udpqueue: loading with filter null
2020-11-09 04:37:55.155  INFO 4123 --- [main] c.s.l.c.natives.NativeLibraryLoader      : Native library udpqueue: successfully loaded.
2020-11-09 04:37:57.548  INFO 4123 --- [main] o.s.s.concurrent.ThreadPoolTaskExecutor  : Initializing ExecutorService 'applicationTaskExecutor'
2020-11-09 04:38:00.024  INFO 4123 --- [main] org.xnio                                 : XNIO version 3.3.8.Final
2020-11-09 04:38:00.135  INFO 4123 --- [main] org.xnio.nio                             : XNIO NIO Implementation Version 3.3.8.Final
2020-11-09 04:38:00.520  INFO 4123 --- [main] o.s.b.w.e.u.UndertowServletWebServer     : Undertow started on port(s) 7777 (http) with context path ''
2020-11-09 04:38:00.533  INFO 4123 --- [main] lavalink.server.Launcher                 : Started Launcher in 29.678 seconds (JVM running for 33.671)
2020-11-09 04:38:00.537  INFO 4123 --- [main] lavalink.server.Launcher                 : You can safely ignore the big red warning about illegal reflection. See https://github.com/Frederikam/Lavalink/issues/295
2020-11-09 04:38:10.031  INFO 4123 --- [XNIO-1 task-1] io.undertow.servlet                      : Initializing Spring DispatcherServlet 'dispatcherServlet'
2020-11-09 04:38:10.032  INFO 4123 --- [XNIO-1 task-1] o.s.web.servlet.DispatcherServlet        : Initializing Servlet 'dispatcherServlet'
2020-11-09 04:38:10.148  INFO 4123 --- [XNIO-1 task-1] o.s.web.servlet.DispatcherServlet        : Completed initialization in 115 ms
2020-11-09 04:38:10.426  INFO 4123 --- [XNIO-1 task-1] l.server.io.HandshakeInterceptorImpl     : Incoming connection from /127.0.0.1:38548
2020-11-09 04:38:10.931  INFO 4123 --- [XNIO-1 task-1] lavalink.server.io.SocketServer          : Connection successfully established from /127.0.0.1:38548
2020-11-09 04:38:11.129  INFO 4123 --- [XNIO-1 I/O-2] lavalink.server.io.SocketServer          : {"op": "configureResuming", "key": "default-node", "timeout": 60}
2020-11-09 04:39:11.222  INFO 4123 --- [XNIO-1 I/O-2] lavalink.server.io.SocketServer          : Connection closed from /127.0.0.1:38548 with status CloseStatus[code=1006, reason=] -- Session can be resumed within the next 60 seconds with key default-node
2020-11-09 04:39:11.283  INFO 4123 --- [Thread-1] o.s.s.concurrent.ThreadPoolTaskExecutor  : Shutting down ExecutorService 'applicationTaskExecutor'
2020-11-09 04:39:11.294  INFO 4123 --- [Thread-1] c.s.d.l.tools.GarbageCollectionMonitor   : GC monitoring disabled.
2020-11-09 04:39:11.313  INFO 4123 --- [Thread-1] io.undertow.servlet                      : Destroying Spring FrameworkServlet 'dispatcherServlet'
2020-11-09 04:39:23.317  INFO 4223 --- [main] lavalink.server.Launcher                 : 

[32m       .  [31m _                  _ _       _    [32m__ _ _
[32m      /\\ [31m| | __ ___   ____ _| (_)_ __ | | __[32m\ \ \ \
[32m     ( ( )[31m| |/ _` \ \ / / _` | | | '_ \| |/ /[32m \ \ \ \
[32m      \\/ [31m| | (_| |\ V / (_| | | | | | |   < [32m  ) ) ) )
[32m       '  [31m|_|\__,_| \_/ \__,_|_|_|_| |_|_|\_\[32m / / / /
[0m    =========================================[32m/_/_/_/[0m

	Version:        3.3.2.1
	Build:          1132
	Build time:     28.10.2020 21:44:36 UTC
	Branch          master
	Commit:         833f72e
	Commit time:    28.10.2020 21:39:31 UTC
	JVM:            11.0.8
	Lavaplayer      1.3.53

2020-11-09 04:39:24.531  INFO 4223 --- [main] lavalink.server.Launcher                 : Starting Launcher on 2259672b90c8 with PID 4223 (/home/runner/BADEV/Lavalink.jar started by runner in /home/runner/BADEV)
2020-11-09 04:39:24.536  INFO 4223 --- [main] lavalink.server.Launcher                 : No active profile set, falling back to default profiles: default
2020-11-09 04:39:25.729  WARN 4223 --- [background-preinit] o.s.h.c.j.Jackson2ObjectMapperBuilder    : For Jackson Kotlin classes support please add "com.fasterxml.jackson.module:jackson-module-kotlin" to the classpath
2020-11-09 04:39:34.727  WARN 4223 --- [main] io.undertow.websockets.jsr               : UT026010: Buffer pool was not set on WebSocketDeploymentInfo, the default pool will be used
2020-11-09 04:39:34.942  INFO 4223 --- [main] io.undertow.servlet                      : Initializing Spring embedded WebApplicationContext
2020-11-09 04:39:34.943  INFO 4223 --- [main] o.s.web.context.ContextLoader            : Root WebApplicationContext: initialization completed in 9650 ms
2020-11-09 04:39:37.114  WARN 4223 --- [main] l.server.config.SentryConfiguration      : Turning off sentry
2020-11-09 04:39:39.732  INFO 4223 --- [main] c.s.d.l.tools.GarbageCollectionMonitor   : GC monitoring enabled, reporting results every 2 minutes.
2020-11-09 04:39:41.442  INFO 4223 --- [main] lavalink.server.config.KoeConfiguration  : OS: Linux, Arch: amd64
2020-11-09 04:39:41.443  INFO 4223 --- [main] lavalink.server.config.KoeConfiguration  : Enabling JDA-NAS
2020-11-09 04:39:41.453  INFO 4223 --- [main] c.s.l.c.natives.NativeLibraryLoader      : Native library udpqueue: loading with filter null
2020-11-09 04:39:41.460  INFO 4223 --- [main] c.s.l.c.natives.NativeLibraryLoader      : Native library udpqueue: successfully loaded.
2020-11-09 04:39:43.618  INFO 4223 --- [main] o.s.s.concurrent.ThreadPoolTaskExecutor  : Initializing ExecutorService 'applicationTaskExecutor'
2020-11-09 04:39:45.729  INFO 4223 --- [main] org.xnio                                 : XNIO version 3.3.8.Final
2020-11-09 04:39:45.831  INFO 4223 --- [main] org.xnio.nio                             : XNIO NIO Implementation Version 3.3.8.Final
2020-11-09 04:39:46.320  INFO 4223 --- [main] o.s.b.w.e.u.UndertowServletWebServer     : Undertow started on port(s) 7777 (http) with context path ''
2020-11-09 04:39:46.415  INFO 4223 --- [main] lavalink.server.Launcher                 : Started Launcher in 29.106 seconds (JVM running for 32.679)
2020-11-09 04:39:46.418  INFO 4223 --- [main] lavalink.server.Launcher                 : You can safely ignore the big red warning about illegal reflection. See https://github.com/Frederikam/Lavalink/issues/295
2020-11-09 04:39:57.084  INFO 4223 --- [XNIO-1 task-1] io.undertow.servlet                      : Initializing Spring DispatcherServlet 'dispatcherServlet'
2020-11-09 04:39:57.086  INFO 4223 --- [XNIO-1 task-1] o.s.web.servlet.DispatcherServlet        : Initializing Servlet 'dispatcherServlet'
2020-11-09 04:39:57.128  INFO 4223 --- [XNIO-1 task-1] o.s.web.servlet.DispatcherServlet        : Completed initialization in 40 ms
2020-11-09 04:39:57.287  INFO 4223 --- [XNIO-1 task-1] l.server.io.HandshakeInterceptorImpl     : Incoming connection from /127.0.0.1:40820
2020-11-09 04:39:57.656  INFO 4223 --- [XNIO-1 task-1] lavalink.server.io.SocketServer          : Connection successfully established from /127.0.0.1:40820
2020-11-09 04:39:57.942  INFO 4223 --- [XNIO-1 I/O-2] lavalink.server.io.SocketServer          : {"op": "configureResuming", "key": "default-node", "timeout": 60}
2020-11-09 04:41:39.733  WARN 4223 --- [lava-daemon-pool-manager-3-thread-1] c.s.d.l.tools.GarbageCollectionMonitor   : Suspicious GC results for the last 2 minutes: [Bucket 0 = 7] [Bucket 20 = 2] [Bucket 50 = 2] [Bucket 200 = 1] [Bucket 500 = 0] [Bucket 2000 = 0] 
